<?xml version="1.0" encoding="UTF-8"?>
<!-- Generated by org.testng.reporters.JUnitReportReporter -->
<testsuite hostname="suriya" failures="0" tests="3" name="Selenium_Batch.Assignment" time="15.500" errors="0" timestamp="2023-12-13T10:31:02 IST" skipped="0">
  <testcase classname="Selenium_Batch.Assignment" name="register" time="8.123"/>
  <system-out/>
  <testcase classname="Selenium_Batch.Assignment" name="logout" time="2.062"/>
  <system-out/>
  <testcase classname="Selenium_Batch.Assignment" name="login" time="5.315"/>
  <system-out/>
</testsuite> <!-- Selenium_Batch.Assignment -->
