<?xml version="1.0" encoding="UTF-8"?>
<!-- Generated by org.testng.reporters.JUnitReportReporter -->
<testsuite hostname="suriya" failures="0" tests="1" name="Bikes.testCase5" time="4.154" errors="0" timestamp="2023-12-14T09:46:35 IST" skipped="0">
  <testcase classname="Bikes.testCase5" name="pulsar" time="4.154"/>
  <system-out/>
</testsuite> <!-- Bikes.testCase5 -->
