<?xml version="1.0" encoding="UTF-8"?>
<!-- Generated by org.testng.reporters.JUnitReportReporter -->
<testsuite hostname="suriya" failures="0" tests="1" name="Cars.testCase3" time="7.116" errors="0" timestamp="2023-12-14T13:35:48 IST" skipped="0">
  <testcase classname="Cars.testCase3" name="kia" time="7.116"/>
  <system-out/>
</testsuite> <!-- Cars.testCase3 -->
