<?xml version="1.0" encoding="UTF-8"?>
<!-- Generated by org.testng.reporters.JUnitReportReporter -->
<testsuite hostname="suriya" failures="0" tests="1" name="Testng.TestCase" time="5.628" errors="0" timestamp="2023-12-14T14:54:29 IST" skipped="0">
  <testcase classname="Testng.TestCase" name="testCase1" time="5.628"/>
  <system-out>
testcase is pass  </system-out>
</testsuite> <!-- Testng.TestCase -->
