<?xml version="1.0" encoding="UTF-8"?>
<!-- Generated by org.testng.reporters.JUnitReportReporter -->
<testsuite hostname="suriya" failures="0" tests="1" name="Selenium_Batch.ThreadPoolSize" time="3.771" errors="0" timestamp="2023-12-12T16:04:49 IST" skipped="0">
  <testcase classname="Selenium_Batch.ThreadPoolSize" name="login" time="3.771"/>
  <system-out/>
</testsuite> <!-- Selenium_Batch.ThreadPoolSize -->
