<?xml version="1.0" encoding="UTF-8"?>
<!-- Generated by org.testng.reporters.JUnitReportReporter -->
<testsuite hostname="suriya" failures="0" tests="1" name="Cars.testCase1" time="6.640" errors="0" timestamp="2023-12-14T13:35:48 IST" skipped="0">
  <testcase classname="Cars.testCase1" name="lamborghini" time="6.640"/>
  <system-out/>
</testsuite> <!-- Cars.testCase1 -->
