<?xml version="1.0" encoding="UTF-8"?>
<!-- Generated by org.testng.reporters.JUnitReportReporter -->
<testsuite hostname="suriya" failures="0" tests="3" name="Selenium_Batch.Enable" time="10.079" errors="0" timestamp="2023-12-12T15:52:57 IST" skipped="1">
  <testcase classname="Selenium_Batch.Enable" name="logut" time="4.915"/>
  <system-out/>
  <testcase classname="Selenium_Batch.Enable" name="register" time="5.164"/>
  <system-out/>
  <testcase classname="Selenium_Batch.Enable" name="login">
    <skipped/>
  </testcase> <!-- login -->
  <system-out/>
</testsuite> <!-- Selenium_Batch.Enable -->
