<?xml version="1.0" encoding="UTF-8"?>
<!-- Generated by org.testng.reporters.JUnitReportReporter -->
<testsuite hostname="suriya" failures="0" tests="1" name="Assertion.Assert1" time="5.343" errors="0" timestamp="2023-12-19T13:40:04 IST" skipped="0">
  <testcase classname="Assertion.Assert1" name="testCase" time="5.343"/>
  <system-out/>
</testsuite> <!-- Assertion.Assert1 -->
