<?xml version="1.0" encoding="UTF-8"?>
<!-- Generated by org.testng.reporters.JUnitReportReporter -->
<testsuite hostname="suriya" failures="0" tests="1" name="Cars.Time" time="5.623" errors="0" timestamp="2023-12-14T13:46:39 IST" skipped="0">
  <testcase classname="Cars.Time" name="OPen" time="5.623"/>
  <system-out/>
</testsuite> <!-- Cars.Time -->
