<?xml version="1.0" encoding="UTF-8"?>
<!-- Generated by org.testng.reporters.JUnitReportReporter -->
<testsuite hostname="suriya" failures="0" tests="3" name="FetchingDataExcel.DataDriverTesting" time="0.014" errors="0" timestamp="2023-12-15T15:56:18 IST" skipped="0">
  <testcase classname="FetchingDataExcel.DataDriverTesting" name="m1" time="0.009"/>
  <system-out/>
  <testcase classname="FetchingDataExcel.DataDriverTesting" name="m1" time="0.003"/>
  <system-out/>
  <testcase classname="FetchingDataExcel.DataDriverTesting" name="m1" time="0.002"/>
  <system-out/>
</testsuite> <!-- FetchingDataExcel.DataDriverTesting -->
