<?xml version="1.0" encoding="UTF-8"?>
<!-- Generated by org.testng.reporters.JUnitReportReporter -->
<testsuite hostname="suriya" failures="0" tests="1" name="Bikes.testCase4" time="6.590" errors="0" timestamp="2023-12-14T13:35:48 IST" skipped="0">
  <testcase classname="Bikes.testCase4" name="pulsar" time="6.590"/>
  <system-out/>
</testsuite> <!-- Bikes.testCase4 -->
