<?xml version="1.0" encoding="UTF-8"?>
<!-- Generated by org.testng.reporters.JUnitReportReporter -->
<testsuite hostname="suriya" failures="0" tests="1" name="Cars.testCase2" time="4.605" errors="0" timestamp="2023-12-14T09:54:05 IST" skipped="0">
  <testcase classname="Cars.testCase2" name="audi" time="4.605"/>
  <system-out/>
</testsuite> <!-- Cars.testCase2 -->
