<?xml version="1.0" encoding="UTF-8"?>
<!-- Generated by org.testng.reporters.JUnitReportReporter -->
<testsuite hostname="suriya" failures="0" tests="1" name="PageObjectModel.test" time="11.130" errors="0" timestamp="2023-12-18T19:31:41 IST" skipped="0">
  <testcase classname="PageObjectModel.test" name="testCase" time="11.130"/>
  <system-out/>
</testsuite> <!-- PageObjectModel.test -->
