<?xml version="1.0" encoding="UTF-8"?>
<!-- Generated by org.testng.reporters.JUnitReportReporter -->
<testsuite hostname="suriya" failures="0" tests="1" name="Bikes.testCase6" time="5.585" errors="0" timestamp="2023-12-14T13:35:48 IST" skipped="0">
  <testcase classname="Bikes.testCase6" name="ducati" time="5.585"/>
  <system-out/>
</testsuite> <!-- Bikes.testCase6 -->
