<?xml version="1.0" encoding="UTF-8"?>
<!-- Generated by org.testng.reporters.JUnitReportReporter -->
<testsuite hostname="suriya" failures="0" tests="2" name="FetchingDataExcel.Excell" time="0.013" errors="0" timestamp="2023-12-14T23:12:07 IST" skipped="0">
  <testcase classname="FetchingDataExcel.Excell" name="test" time="0.011"/>
  <system-out/>
  <testcase classname="FetchingDataExcel.Excell" name="test" time="0.002"/>
  <system-out/>
</testsuite> <!-- FetchingDataExcel.Excell -->
