<?xml version="1.0" encoding="UTF-8"?>
<!-- Generated by org.testng.reporters.JUnitReportReporter -->
<testsuite hostname="suriya" failures="0" tests="4" name="Selenium_Batch.program" time="12.962" errors="0" timestamp="2023-12-13T16:23:35 IST" skipped="0">
  <testcase classname="Selenium_Batch.program" name="logut" time="4.240"/>
  <system-out/>
  <testcase classname="Selenium_Batch.program" name="login" time="2.808"/>
  <system-out/>
  <testcase classname="Selenium_Batch.program" name="login" time="2.733"/>
  <system-out/>
  <testcase classname="Selenium_Batch.program" name="register" time="3.181"/>
  <system-out/>
</testsuite> <!-- Selenium_Batch.program -->
